This is pdfTeX, Version 3.14159265-2.6-1.40.15 (TeX Live 2015/dev/Debian) (preloaded format=pdflatex 2016.4.18)  7 JUN 2016 09:27
entering extended mode
 restricted \write18 enabled.
 %&-line parsing enabled.
**sockets.tex
(./sockets.tex
LaTeX2e <2014/05/01>
Babel <3.9l> and hyphenation patterns for 79 languages loaded.
(/usr/share/texlive/texmf-dist/tex/latex/base/article.cls
Document Class: article 2014/09/29 v1.4h Standard LaTeX document class
(/usr/share/texlive/texmf-dist/tex/latex/base/size12.clo
File: size12.clo 2014/09/29 v1.4h Standard LaTeX file (size option)
)
\c@part=\count79
\c@section=\count80
\c@subsection=\count81
\c@subsubsection=\count82
\c@paragraph=\count83
\c@subparagraph=\count84
\c@figure=\count85
\c@table=\count86
\abovecaptionskip=\skip41
\belowcaptionskip=\skip42
\bibindent=\dimen102
)
\c@example=\count87
 (./sockets.aux)
\openout1 = `sockets.aux'.

LaTeX Font Info:    Checking defaults for OML/cmm/m/it on input line 24.
LaTeX Font Info:    ... okay on input line 24.
LaTeX Font Info:    Checking defaults for T1/cmr/m/n on input line 24.
LaTeX Font Info:    ... okay on input line 24.
LaTeX Font Info:    Checking defaults for OT1/cmr/m/n on input line 24.
LaTeX Font Info:    ... okay on input line 24.
LaTeX Font Info:    Checking defaults for OMS/cmsy/m/n on input line 24.
LaTeX Font Info:    ... okay on input line 24.
LaTeX Font Info:    Checking defaults for OMX/cmex/m/n on input line 24.
LaTeX Font Info:    ... okay on input line 24.
LaTeX Font Info:    Checking defaults for U/cmr/m/n on input line 24.
LaTeX Font Info:    ... okay on input line 24.
LaTeX Font Info:    External font `cmex10' loaded for size
(Font)              <14.4> on input line 26.
LaTeX Font Info:    External font `cmex10' loaded for size
(Font)              <7> on input line 26.
LaTeX Font Info:    External font `cmex10' loaded for size
(Font)              <5> on input line 50.

[1

{/var/lib/texmf/fonts/map/pdftex/updmap/pdftex.map}] (./sockets.toc
LaTeX Font Info:    External font `cmex10' loaded for size
(Font)              <12> on input line 4.
LaTeX Font Info:    External font `cmex10' loaded for size
(Font)              <8> on input line 4.
LaTeX Font Info:    External font `cmex10' loaded for size
(Font)              <6> on input line 4.
)
\tf@toc=\write3
\openout3 = `sockets.toc'.

 [1]
[1] [2] [3] [4] [5] [6] [7] [8] [9] [10] [11] [12]
Overfull \hbox (30.15242pt too wide) in paragraph at lines 742--749
[]\OT1/cmr/m/n/12 The \OT1/cmr/m/n/10.95 IRL \OT1/cmr/m/n/12 has been us-ing a 
lead-ing two char-ac-ter com-mand con-ven-tion: []\OT1/cmtt/m/n/12 tp~L~x~y~z r
x ry rz
 []

[13] [14] [15] [16] [17] [18] [19] [20] [21]
Overfull \hbox (28.69478pt too wide) in paragraph at lines 1238--1243
[][]\OT1/cmtt/m/n/12 [server-name [server-name [server-name ...]]] \OT1/cmr/m/n
/12 Some-times the all-knowledgeable
 []

LaTeX Font Info:    Font shape `OT1/cmtt/bx/n' in size <14.4> not available
(Font)              Font shape `OT1/cmtt/m/n' tried instead on input line 1252.

[22] [23] [24] [25] [26]
Overfull \hbox (20.89307pt too wide) in paragraph at lines 1526--1534
\OT1/cmr/m/n/12 The \OT1/cmr/m/n/10.95 SSL \OT1/cmr/m/n/12 was com-piled and te
sted us-ing the Wol-lon-gong \OT1/cmr/m/n/10.95 TCP/IP  \OT1/cmr/m/n/12 pack-ag
e with Mi-croSoft C (v6.0).
 []

[27]

LaTeX Warning: `h' float specifier changed to `ht'.

[28] [29]
Overfull \hbox (8.88744pt too wide) in paragraph at lines 1734--1737
[]\OT1/cmr/m/n/12 Escape se-quences may in-clude the se-quence []\OT1/cmtt/m/n/
12 \e \OT1/cmr/m/n/12 for the \OT1/cmr/m/n/10.95 ES-CAPE \OT1/cmr/m/n/12 char-a
c-ter and []\OT1/cmtt/m/n/12 \b \OT1/cmr/m/n/12 for a blank.
 []

[30] [31] [32] [33] (./sockets.aux) ) 
Here is how much of TeX's memory you used:
 289 strings out of 493105
 3175 string characters out of 6137072
 75508 words of memory out of 5000000
 3821 multiletter control sequences out of 15000+600000
 11420 words of font info for 40 fonts, out of 8000000 for 9000
 1141 hyphenation exceptions out of 8191
 22i,8n,20p,615b,406s stack positions out of 5000i,500n,10000p,200000b,80000s
</usr/share/texlive/texmf-dist/fonts/type1
/public/amsfonts/cm/cmbx10.pfb></usr/share/texlive/texmf-dist/fonts/type1/publi
c/amsfonts/cm/cmbx12.pfb></usr/share/texlive/texmf-dist/fonts/type1/public/amsf
onts/cm/cmbxti10.pfb></usr/share/texlive/texmf-dist/fonts/type1/public/amsfonts
/cm/cmmi12.pfb></usr/share/texlive/texmf-dist/fonts/type1/public/amsfonts/cm/cm
r10.pfb></usr/share/texlive/texmf-dist/fonts/type1/public/amsfonts/cm/cmr12.pfb
></usr/share/texlive/texmf-dist/fonts/type1/public/amsfonts/cm/cmr6.pfb></usr/s
hare/texlive/texmf-dist/fonts/type1/public/amsfonts/cm/cmss12.pfb></usr/share/t
exlive/texmf-dist/fonts/type1/public/amsfonts/cm/cmti10.pfb></usr/share/texlive
/texmf-dist/fonts/type1/public/amsfonts/cm/cmti12.pfb></usr/share/texlive/texmf
-dist/fonts/type1/public/amsfonts/cm/cmtt12.pfb>
Output written on sockets.pdf (35 pages, 244412 bytes).
PDF statistics:
 161 PDF objects out of 1000 (max. 8388607)
 111 compressed objects within 2 object streams
 0 named destinations out of 1000 (max. 500000)
 1 words of extra memory for PDF output out of 10000 (max. 10000000)

